{
  "stats": {
    "suites": 1,
    "tests": 2,
    "passes": 2,
    "pending": 0,
    "failures": 0,
    "start": "2026-04-20T15:34:07.628Z",
    "end": "2026-04-20T15:34:08.802Z",
    "duration": 1174,
    "testsRegistered": 2,
    "passPercent": 100,
    "pendingPercent": 0,
    "other": 0,
    "hasOther": false,
    "skipped": 0,
    "hasSkipped": false
  },
  "results": [
    {
      "uuid": "811ae40f-561b-44d4-b90d-e6730a2e5eca",
      "title": "",
      "fullFile": "cypress\\e2e\\auth\\login.cy.js",
      "file": "cypress\\e2e\\auth\\login.cy.js",
      "beforeHooks": [],
      "afterHooks": [],
      "tests": [],
      "suites": [
        {
          "uuid": "eceb8870-e1af-45a3-acb9-2be855c43f8a",
          "title": "Auth - Login",
          "fullFile": "",
          "file": "",
          "beforeHooks": [],
          "afterHooks": [],
          "tests": [
            {
              "title": "should login succesfully",
              "fullTitle": "Auth - Login should login succesfully",
              "timedOut": null,
              "duration": 468,
              "state": "passed",
              "speed": "fast",
              "pass": true,
              "fail": false,
              "pending": false,
              "context": null,
              "code": "cy.request({\n  method: 'POST',\n  url: `${Cypress.config('baseUrl')}/login`,\n  body: {\n    email: user.email,\n    password: user.password\n  }\n}).then(response => {\n  expect(response.status).to.equal(200);\n  expect(response.statusText).to.equal('OK');\n});",
              "err": {},
              "uuid": "bde2076e-b426-44b8-8105-17a79fc1d464",
              "parentUUID": "eceb8870-e1af-45a3-acb9-2be855c43f8a",
              "isHook": false,
              "skipped": false
            },
            {
              "title": "should fail login",
              "fullTitle": "Auth - Login should fail login",
              "timedOut": null,
              "duration": 597,
              "state": "passed",
              "speed": "fast",
              "pass": true,
              "fail": false,
              "pending": false,
              "context": null,
              "code": "cy.request({\n  method: 'POST',\n  url: `${Cypress.config('baseUrl')}/login`,\n  body: {\n    email: user.email,\n    password: 'teste1'\n  },\n  failOnStatusCode: false\n}).then(response => {\n  expect(response.status).to.equal(401);\n  expect(response.body).to.have.property('message').that.includes('inválidos');\n});",
              "err": {},
              "uuid": "602b65ba-7a55-42c6-8b74-ca666aefc824",
              "parentUUID": "eceb8870-e1af-45a3-acb9-2be855c43f8a",
              "isHook": false,
              "skipped": false
            }
          ],
          "suites": [],
          "passes": [
            "bde2076e-b426-44b8-8105-17a79fc1d464",
            "602b65ba-7a55-42c6-8b74-ca666aefc824"
          ],
          "failures": [],
          "pending": [],
          "skipped": [],
          "duration": 1065,
          "root": false,
          "rootEmpty": false,
          "_timeout": 2000
        }
      ],
      "passes": [],
      "failures": [],
      "pending": [],
      "skipped": [],
      "duration": 0,
      "root": true,
      "rootEmpty": true,
      "_timeout": 2000
    }
  ],
  "meta": {
    "mocha": {
      "version": "7.2.0"
    },
    "mochawesome": {
      "options": {
        "quiet": false,
        "reportFilename": "mochawesome",
        "saveHtml": true,
        "saveJson": true,
        "consoleReporter": "spec",
        "useInlineDiffs": false,
        "code": true
      },
      "version": "7.1.4"
    },
    "marge": {
      "options": {
        "reportDir": "cypress/reports",
        "overwrite": true,
        "html": true,
        "json": true
      },
      "version": "6.3.2"
    }
  }
}